<?xml version="1.0" encoding="UTF-8"?>
<!-- Generated by org.testng.reporters.JUnitReportReporter -->
<testsuite hostname="LTIN193788" failures="0" tests="3" name="com.FindHospitals.testRunner.testNGRunner" time="0.692" errors="3" timestamp="2024-02-29T13:55:27 IST" skipped="0">
  <testcase classname="com.FindHospitals.testRunner.testNGRunner" name="runScenario" time="0.038">
    <error message="Cannot invoke &quot;java.util.Properties.getProperty(String)&quot; because the return value of &quot;com.FindHospitals.utils.baseClass.getProperties()&quot; is null" type="java.lang.NullPointerException">
      <![CDATA[java.lang.NullPointerException: Cannot invoke "java.util.Properties.getProperty(String)" because the return value of "com.FindHospitals.utils.baseClass.getProperties()" is null
at com.FindHospitals.utils.baseClass.initializeBrowse(baseClass.java:25)
at com.FindHospitals.stepDefinitions.hooks.setup(hooks.java:28)
]]>
    </error>
  </testcase> <!-- runScenario -->
  <system-out/>
  <testcase classname="com.FindHospitals.testRunner.testNGRunner" name="runScenario" time="0.572">
    <error message="Cannot invoke &quot;java.util.Properties.getProperty(String)&quot; because the return value of &quot;com.FindHospitals.utils.baseClass.getProperties()&quot; is null" type="java.lang.NullPointerException">
      <![CDATA[java.lang.NullPointerException: Cannot invoke "java.util.Properties.getProperty(String)" because the return value of "com.FindHospitals.utils.baseClass.getProperties()" is null
at com.FindHospitals.utils.baseClass.initializeBrowse(baseClass.java:25)
at com.FindHospitals.stepDefinitions.hooks.setup(hooks.java:28)
]]>
    </error>
  </testcase> <!-- runScenario -->
  <system-out/>
  <testcase classname="com.FindHospitals.testRunner.testNGRunner" name="runScenario" time="0.082">
    <error message="Cannot invoke &quot;java.util.Properties.getProperty(String)&quot; because the return value of &quot;com.FindHospitals.utils.baseClass.getProperties()&quot; is null" type="java.lang.NullPointerException">
      <![CDATA[java.lang.NullPointerException: Cannot invoke "java.util.Properties.getProperty(String)" because the return value of "com.FindHospitals.utils.baseClass.getProperties()" is null
at com.FindHospitals.utils.baseClass.initializeBrowse(baseClass.java:25)
at com.FindHospitals.stepDefinitions.hooks.setup(hooks.java:28)
]]>
    </error>
  </testcase> <!-- runScenario -->
  <system-out/>
</testsuite> <!-- com.FindHospitals.testRunner.testNGRunner -->
